0 verbose cli /Users/juanhernandez/.asdf/installs/nodejs/20.12.2/bin/node /Users/juanhernandez/.asdf/installs/nodejs/20.12.2/bin/npm
1 info using npm@10.5.0
2 info using node@v20.12.2
3 timing npm:load:whichnode Completed in 1ms
4 timing config:load:defaults Completed in 0ms
5 timing config:load:file:/Users/juanhernandez/.asdf/installs/nodejs/20.12.2/lib/node_modules/npm/npmrc Completed in 0ms
6 timing config:load:builtin Completed in 1ms
7 timing config:load:cli Completed in 1ms
8 timing config:load:env Completed in 0ms
9 timing config:load:file:/Users/juanhernandez/Desktop/Development/Juampi/raave_app/.npmrc Completed in 0ms
10 timing config:load:project Completed in 1ms
11 timing config:load:file:/Users/juanhernandez/.npmrc Completed in 0ms
12 timing config:load:user Completed in 0ms
13 timing config:load:file:/Users/juanhernandez/.asdf/installs/nodejs/20.12.2/etc/npmrc Completed in 0ms
14 timing config:load:global Completed in 0ms
15 timing config:load:setEnvs Completed in 1ms
16 timing config:load Completed in 4ms
17 timing npm:load:configload Completed in 4ms
18 timing config:load:flatten Completed in 0ms
19 timing npm:load:mkdirpcache Completed in 1ms
20 timing npm:load:mkdirplogs Completed in 0ms
21 verbose title npm install
22 verbose argv "install" "--cache" ".npm-cache"
23 timing npm:load:setTitle Completed in 0ms
24 timing npm:load:display Completed in 1ms
25 verbose logfile logs-max:10 dir:/Users/juanhernandez/Desktop/Development/Juampi/raave_app/.npm-cache/_logs/2025-11-09T15_50_19_625Z-
26 verbose logfile /Users/juanhernandez/Desktop/Development/Juampi/raave_app/.npm-cache/_logs/2025-11-09T15_50_19_625Z-debug-0.log
27 timing npm:load:logFile Completed in 2ms
28 timing npm:load:timers Completed in 1ms
29 timing npm:load:configScope Completed in 0ms
30 timing npm:load Completed in 15ms
31 timing arborist:ctor Completed in 1ms
32 silly logfile done cleaning log files
33 timing idealTree:init Completed in 23ms
34 timing idealTree:userRequests Completed in 1ms
35 silly idealTree buildDeps
36 timing idealTree:#root Completed in 0ms
37 timing idealTree:buildDeps Completed in 0ms
38 timing idealTree:fixDepFlags Completed in 0ms
39 timing idealTree Completed in 25ms
40 timing arborist:ctor Completed in 0ms
41 timing reify:loadTrees Completed in 35ms
42 timing reify:diffTrees Completed in 2ms
43 silly reify moves {}
44 timing reify:retireShallow Completed in 1ms
45 timing reify:createSparse Completed in 0ms
46 timing reify:loadBundles Completed in 0ms
47 silly audit bulk request {
47 silly audit   '@alloc/quick-lru': [ '5.2.0' ],
47 silly audit   '@google/genai': [ '0.5.0' ],
47 silly audit   '@isaacs/cliui': [ '8.0.2' ],
47 silly audit   '@jridgewell/gen-mapping': [ '0.3.13' ],
47 silly audit   '@jridgewell/resolve-uri': [ '3.1.2' ],
47 silly audit   '@jridgewell/sourcemap-codec': [ '1.5.5' ],
47 silly audit   '@jridgewell/trace-mapping': [ '0.3.31' ],
47 silly audit   '@next/env': [ '14.2.33' ],
47 silly audit   '@next/swc-darwin-arm64': [ '14.2.33' ],
47 silly audit   '@next/swc-darwin-x64': [ '14.2.33' ],
47 silly audit   '@next/swc-linux-arm64-gnu': [ '14.2.33' ],
47 silly audit   '@next/swc-linux-arm64-musl': [ '14.2.33' ],
47 silly audit   '@next/swc-linux-x64-gnu': [ '14.2.33' ],
47 silly audit   '@next/swc-linux-x64-musl': [ '14.2.33' ],
47 silly audit   '@next/swc-win32-arm64-msvc': [ '14.2.33' ],
47 silly audit   '@next/swc-win32-ia32-msvc': [ '14.2.33' ],
47 silly audit   '@next/swc-win32-x64-msvc': [ '14.2.33' ],
47 silly audit   '@nodelib/fs.scandir': [ '2.1.5' ],
47 silly audit   '@nodelib/fs.stat': [ '2.0.5' ],
47 silly audit   '@nodelib/fs.walk': [ '1.2.8' ],
47 silly audit   '@pkgjs/parseargs': [ '0.11.0' ],
47 silly audit   '@swc/counter': [ '0.1.3' ],
47 silly audit   '@swc/helpers': [ '0.5.5' ],
47 silly audit   '@types/node': [ '20.19.24' ],
47 silly audit   '@types/prop-types': [ '15.7.15' ],
47 silly audit   '@types/react': [ '18.3.26' ],
47 silly audit   '@types/react-dom': [ '18.3.7' ],
47 silly audit   'agent-base': [ '7.1.4' ],
47 silly audit   'ansi-regex': [ '6.2.2', '5.0.1' ],
47 silly audit   'ansi-styles': [ '6.2.3', '4.3.0' ],
47 silly audit   'any-promise': [ '1.3.0' ],
47 silly audit   anymatch: [ '3.1.3' ],
47 silly audit   arg: [ '5.0.2' ],
47 silly audit   autoprefixer: [ '10.4.21' ],
47 silly audit   'balanced-match': [ '1.0.2' ],
47 silly audit   'base64-js': [ '1.5.1' ],
47 silly audit   'baseline-browser-mapping': [ '2.8.25' ],
47 silly audit   'bignumber.js': [ '9.3.1' ],
47 silly audit   'binary-extensions': [ '2.3.0' ],
47 silly audit   'brace-expansion': [ '2.0.2' ],
47 silly audit   braces: [ '3.0.3' ],
47 silly audit   browserslist: [ '4.27.0' ],
47 silly audit   'buffer-equal-constant-time': [ '1.0.1' ],
47 silly audit   busboy: [ '1.6.0' ],
47 silly audit   'camelcase-css': [ '2.0.1' ],
47 silly audit   'caniuse-lite': [ '1.0.30001754' ],
47 silly audit   chokidar: [ '3.6.0' ],
47 silly audit   'glob-parent': [ '5.1.2', '6.0.2' ],
47 silly audit   'client-only': [ '0.0.1' ],
47 silly audit   'color-convert': [ '2.0.1' ],
47 silly audit   'color-name': [ '1.1.4' ],
47 silly audit   commander: [ '4.1.1' ],
47 silly audit   'cross-spawn': [ '7.0.6' ],
47 silly audit   cssesc: [ '3.0.0' ],
47 silly audit   csstype: [ '3.1.3' ],
47 silly audit   debug: [ '4.4.3' ],
47 silly audit   didyoumean: [ '1.2.2' ],
47 silly audit   dlv: [ '1.1.3' ],
47 silly audit   eastasianwidth: [ '0.2.0' ],
47 silly audit   'ecdsa-sig-formatter': [ '1.0.11' ],
47 silly audit   'electron-to-chromium': [ '1.5.249' ],
47 silly audit   'emoji-regex': [ '9.2.2', '8.0.0' ],
47 silly audit   escalade: [ '3.2.0' ],
47 silly audit   extend: [ '3.0.2' ],
47 silly audit   'fast-glob': [ '3.3.3' ],
47 silly audit   fastq: [ '1.19.1' ],
47 silly audit   'fill-range': [ '7.1.1' ],
47 silly audit   'foreground-child': [ '3.3.1' ],
47 silly audit   'fraction.js': [ '4.3.7' ],
47 silly audit   fsevents: [ '2.3.3' ],
47 silly audit   'function-bind': [ '1.1.2' ],
47 silly audit   gaxios: [ '6.7.1' ],
47 silly audit   'gcp-metadata': [ '6.1.1' ],
47 silly audit   glob: [ '10.4.5' ],
47 silly audit   'google-auth-library': [ '9.15.1' ],
47 silly audit   'google-logging-utils': [ '0.0.2' ],
47 silly audit   'graceful-fs': [ '4.2.11' ],
47 silly audit   gtoken: [ '7.1.0' ],
47 silly audit   hasown: [ '2.0.2' ],
47 silly audit   'https-proxy-agent': [ '7.0.6' ],
47 silly audit   'is-binary-path': [ '2.1.0' ],
47 silly audit   'is-core-module': [ '2.16.1' ],
47 silly audit   'is-extglob': [ '2.1.1' ],
47 silly audit   'is-fullwidth-code-point': [ '3.0.0' ],
47 silly audit   'is-glob': [ '4.0.3' ],
47 silly audit   'is-number': [ '7.0.0' ],
47 silly audit   'is-stream': [ '2.0.1' ],
47 silly audit   isexe: [ '2.0.0' ],
47 silly audit   jackspeak: [ '3.4.3' ],
47 silly audit   jiti: [ '1.21.7' ],
47 silly audit   'js-tokens': [ '4.0.0' ],
47 silly audit   'json-bigint': [ '1.0.0' ],
47 silly audit   jwa: [ '2.0.1' ],
47 silly audit   jws: [ '4.0.0' ],
47 silly audit   lilconfig: [ '3.1.3' ],
47 silly audit   'lines-and-columns': [ '1.2.4' ],
47 silly audit   'loose-envify': [ '1.4.0' ],
47 silly audit   'lru-cache': [ '10.4.3' ],
47 silly audit   merge2: [ '1.4.1' ],
47 silly audit   micromatch: [ '4.0.8' ],
47 silly audit   minimatch: [ '9.0.5' ],
47 silly audit   minipass: [ '7.1.2' ],
47 silly audit   ms: [ '2.1.3' ],
47 silly audit   mz: [ '2.7.0' ],
47 silly audit   nanoid: [ '3.3.11' ],
47 silly audit   next: [ '14.2.33' ],
47 silly audit   postcss: [ '8.4.31', '8.5.6' ],
47 silly audit   'node-fetch': [ '2.7.0' ],
47 silly audit   'node-releases': [ '2.0.27' ],
47 silly audit   'normalize-path': [ '3.0.0' ],
47 silly audit   'normalize-range': [ '0.1.2' ],
47 silly audit   'object-assign': [ '4.1.1' ],
47 silly audit   'object-hash': [ '3.0.0' ],
47 silly audit   'package-json-from-dist': [ '1.0.1' ],
47 silly audit   'path-key': [ '3.1.1' ],
47 silly audit   'path-parse': [ '1.0.7' ],
47 silly audit   'path-scurry': [ '1.11.1' ],
47 silly audit   picocolors: [ '1.1.1' ],
47 silly audit   picomatch: [ '2.3.1' ],
47 silly audit   pify: [ '2.3.0' ],
47 silly audit   pirates: [ '4.0.7' ],
47 silly audit   'postcss-import': [ '15.1.0' ],
47 silly audit   'postcss-js': [ '4.1.0' ],
47 silly audit   'postcss-load-config': [ '6.0.1' ],
47 silly audit   'postcss-nested': [ '6.2.0' ],
47 silly audit   'postcss-selector-parser': [ '6.1.2' ],
47 silly audit   'postcss-value-parser': [ '4.2.0' ],
47 silly audit   'queue-microtask': [ '1.2.3' ],
47 silly audit   react: [ '18.3.1' ],
47 silly audit   'react-dom': [ '18.3.1' ],
47 silly audit   'read-cache': [ '1.0.0' ],
47 silly audit   readdirp: [ '3.6.0' ],
47 silly audit   resolve: [ '1.22.11' ],
47 silly audit   reusify: [ '1.1.0' ],
47 silly audit   'run-parallel': [ '1.2.0' ],
47 silly audit   'safe-buffer': [ '5.2.1' ],
47 silly audit   scheduler: [ '0.23.2' ],
47 silly audit   'shebang-command': [ '2.0.0' ],
47 silly audit   'shebang-regex': [ '3.0.0' ],
47 silly audit   'signal-exit': [ '4.1.0' ],
47 silly audit   'source-map-js': [ '1.2.1' ],
47 silly audit   streamsearch: [ '1.1.0' ],
47 silly audit   'string-width': [ '5.1.2', '4.2.3' ],
47 silly audit   'strip-ansi': [ '6.0.1', '7.1.2' ],
47 silly audit   'styled-jsx': [ '5.1.1' ],
47 silly audit   sucrase: [ '3.35.0' ],
47 silly audit   'supports-preserve-symlinks-flag': [ '1.0.0' ],
47 silly audit   tailwindcss: [ '3.4.18' ],
47 silly audit   thenify: [ '3.3.1' ],
47 silly audit   'thenify-all': [ '1.6.0' ],
47 silly audit   'to-regex-range': [ '5.0.1' ],
47 silly audit   tr46: [ '0.0.3' ],
47 silly audit   'ts-interface-checker': [ '0.1.13' ],
47 silly audit   tslib: [ '2.8.1' ],
47 silly audit   typescript: [ '5.9.3' ],
47 silly audit   'undici-types': [ '6.21.0' ],
47 silly audit   'update-browserslist-db': [ '1.1.4' ],
47 silly audit   'util-deprecate': [ '1.0.2' ],
47 silly audit   uuid: [ '9.0.1' ],
47 silly audit   'webidl-conversions': [ '3.0.1' ],
47 silly audit   'whatwg-url': [ '5.0.0' ],
47 silly audit   which: [ '2.0.2' ],
47 silly audit   'wrap-ansi': [ '8.1.0', '7.0.0' ],
47 silly audit   ws: [ '8.18.3' ]
47 silly audit }
48 verbose reify failed optional dependency /Users/juanhernandez/Desktop/Development/Juampi/raave_app/node_modules/@next/swc-win32-x64-msvc
49 silly reify mark deleted [
49 silly reify   '/Users/juanhernandez/Desktop/Development/Juampi/raave_app/node_modules/@next/swc-win32-x64-msvc'
49 silly reify ]
50 verbose reify failed optional dependency /Users/juanhernandez/Desktop/Development/Juampi/raave_app/node_modules/@next/swc-win32-ia32-msvc
51 silly reify mark deleted [
51 silly reify   '/Users/juanhernandez/Desktop/Development/Juampi/raave_app/node_modules/@next/swc-win32-ia32-msvc'
51 silly reify ]
52 verbose reify failed optional dependency /Users/juanhernandez/Desktop/Development/Juampi/raave_app/node_modules/@next/swc-win32-arm64-msvc
53 silly reify mark deleted [
53 silly reify   '/Users/juanhernandez/Desktop/Development/Juampi/raave_app/node_modules/@next/swc-win32-arm64-msvc'
53 silly reify ]
54 verbose reify failed optional dependency /Users/juanhernandez/Desktop/Development/Juampi/raave_app/node_modules/@next/swc-linux-x64-musl
55 silly reify mark deleted [
55 silly reify   '/Users/juanhernandez/Desktop/Development/Juampi/raave_app/node_modules/@next/swc-linux-x64-musl'
55 silly reify ]
56 verbose reify failed optional dependency /Users/juanhernandez/Desktop/Development/Juampi/raave_app/node_modules/@next/swc-linux-x64-gnu
57 silly reify mark deleted [
57 silly reify   '/Users/juanhernandez/Desktop/Development/Juampi/raave_app/node_modules/@next/swc-linux-x64-gnu'
57 silly reify ]
58 verbose reify failed optional dependency /Users/juanhernandez/Desktop/Development/Juampi/raave_app/node_modules/@next/swc-linux-arm64-musl
59 silly reify mark deleted [
59 silly reify   '/Users/juanhernandez/Desktop/Development/Juampi/raave_app/node_modules/@next/swc-linux-arm64-musl'
59 silly reify ]
60 verbose reify failed optional dependency /Users/juanhernandez/Desktop/Development/Juampi/raave_app/node_modules/@next/swc-linux-arm64-gnu
61 silly reify mark deleted [
61 silly reify   '/Users/juanhernandez/Desktop/Development/Juampi/raave_app/node_modules/@next/swc-linux-arm64-gnu'
61 silly reify ]
62 verbose reify failed optional dependency /Users/juanhernandez/Desktop/Development/Juampi/raave_app/node_modules/@next/swc-darwin-x64
63 silly reify mark deleted [
63 silly reify   '/Users/juanhernandez/Desktop/Development/Juampi/raave_app/node_modules/@next/swc-darwin-x64'
63 silly reify ]
64 timing reifyNode:node_modules/@next/swc-win32-x64-msvc Completed in 2ms
65 timing reifyNode:node_modules/@next/swc-win32-ia32-msvc Completed in 2ms
66 timing reifyNode:node_modules/@next/swc-win32-arm64-msvc Completed in 3ms
67 timing reifyNode:node_modules/@next/swc-linux-x64-musl Completed in 3ms
68 timing reifyNode:node_modules/@next/swc-linux-x64-gnu Completed in 3ms
69 timing reifyNode:node_modules/@next/swc-linux-arm64-musl Completed in 3ms
70 timing reifyNode:node_modules/@next/swc-linux-arm64-gnu Completed in 3ms
71 timing reifyNode:node_modules/@next/swc-darwin-x64 Completed in 3ms
72 silly tarball no local data for fsevents@https://registry.npmjs.org/fsevents/-/fsevents-2.3.3.tgz. Extracting by manifest.
73 http fetch GET 200 https://registry.npmjs.org/fsevents/-/fsevents-2.3.3.tgz 123ms (cache miss)
74 timing reifyNode:node_modules/fsevents Completed in 127ms
75 timing reify:unpack Completed in 127ms
76 timing reify:unretire Completed in 0ms
77 timing build:queue Completed in 0ms
78 timing build:deps Completed in 0ms
79 timing build Completed in 0ms
80 timing reify:build Completed in 1ms
81 timing reify:trash Completed in 1ms
82 timing reify:save Completed in 23ms
83 http fetch GET 200 https://registry.npmjs.org/npm 317ms
84 http fetch POST 200 https://registry.npmjs.org/-/npm/v1/security/advisories/bulk 355ms
85 timing auditReport:getReport Completed in 357ms
86 silly audit report {}
87 timing auditReport:init Completed in 0ms
88 timing reify:audit Completed in 357ms
89 timing reify Completed in 417ms
90 silly ADD node_modules/fsevents
91 silly ADD
92 silly ADD
93 silly ADD
94 silly ADD
95 silly ADD
96 silly ADD
97 silly ADD
98 silly ADD
99 timing command:install Completed in 421ms
100 notice
100 notice New major version of npm available! 10.5.0 -> 11.6.2
100 notice Changelog: <https://github.com/npm/cli/releases/tag/v11.6.2>
100 notice Run `npm install -g npm@11.6.2` to update!
100 notice
101 verbose exit 0
102 timing npm Completed in 535ms
103 info ok
